[debug] [2021-10-07T17:57:17.063Z] ----------------------------------------------------------------------
[debug] [2021-10-07T17:57:17.065Z] Command:       /usr/local/bin/node /usr/local/bin/firebase init
[debug] [2021-10-07T17:57:17.065Z] CLI Version:   9.19.0
[debug] [2021-10-07T17:57:17.066Z] Platform:      darwin
[debug] [2021-10-07T17:57:17.066Z] Node Version:  v10.15.2
[debug] [2021-10-07T17:57:17.066Z] Time:          Thu Oct 07 2021 13:57:17 GMT-0400 (Eastern Daylight Time)
[debug] [2021-10-07T17:57:17.066Z] ----------------------------------------------------------------------
[debug] 
[debug] [2021-10-07T17:57:17.074Z] > command requires scopes: ["email","openid","https://www.googleapis.com/auth/cloudplatformprojects.readonly","https://www.googleapis.com/auth/firebase","https://www.googleapis.com/auth/cloud-platform"]
[debug] [2021-10-07T17:57:17.075Z] > authorizing via signed-in user (dyldownard@outlook.com)
[info] 
     ######## #### ########  ######## ########     ###     ######  ########
     ##        ##  ##     ## ##       ##     ##  ##   ##  ##       ##
     ######    ##  ########  ######   ########  #########  ######  ######
     ##        ##  ##    ##  ##       ##     ## ##     ##       ## ##
     ##       #### ##     ## ######## ########  ##     ##  ######  ########

You're about to initialize a Firebase project in this directory:

  /Users/dylan/Desktop/416-train/train

[info] 
=== Project Setup
[info] 
[info] First, let's associate this project directory with a Firebase project.
[info] You can create multiple project aliases by running firebase use --add, 
[info] but for now we'll just set up a default project.
[info] 
[debug] [2021-10-07T17:57:55.812Z] >>> [apiv2][query] GET https://firebase.googleapis.com/v1beta1/projects pageSize=100
[debug] [2021-10-07T17:57:56.152Z] <<< [apiv2][status] GET https://firebase.googleapis.com/v1beta1/projects 200
[debug] [2021-10-07T17:57:56.152Z] <<< [apiv2][body] GET https://firebase.googleapis.com/v1beta1/projects [omitted]
[info] i  Using project ta-416-training (TA-416-Training) 
[info] 
=== Hosting Setup
[info] 
[info] Your public directory is the folder (relative to your project directory) that
[info] will contain Hosting assets to be uploaded with firebase deploy. If you
[info] have a build process for your assets, use your build's output directory.
[info] 
[debug] [2021-10-07T17:58:20.219Z] >>> [apiv2][query] GET https://www.gstatic.com/firebasejs/releases.json [none]
[debug] [2021-10-07T17:58:20.328Z] <<< [apiv2][status] GET https://www.gstatic.com/firebasejs/releases.json 200
[debug] [2021-10-07T17:58:20.328Z] <<< [apiv2][body] GET https://www.gstatic.com/firebasejs/releases.json {"current":{"version":"9.1.1","browserURL":"https://www.gstatic.com/firebasejs/9.1.1/firebase.js","packageURL":"https://www.gstatic.com/firebasejs/9.1.1/firebase.tgz"},"live":{"version":"9.1","browserURL":"https://www.gstatic.com/firebasejs/live/9.1/firebase.js","packageURL":"https://www.gstatic.com/firebasejs/live/9.1/firebase.tgz"},"components":{"analytics":"https://www.gstatic.com/firebasejs/9.1.1/firebase-analytics.js","app":"https://www.gstatic.com/firebasejs/9.1.1/firebase-app.js","app-check":"https://www.gstatic.com/firebasejs/9.1.1/firebase-app-check.js","auth":"https://www.gstatic.com/firebasejs/9.1.1/firebase-auth.js","auth/cordova":"https://www.gstatic.com/firebasejs/9.1.1/firebase-auth/cordova.js","auth/react-native":"https://www.gstatic.com/firebasejs/9.1.1/firebase-auth/react-native.js","functions":"https://www.gstatic.com/firebasejs/9.1.1/firebase-functions.js","firestore":"https://www.gstatic.com/firebasejs/9.1.1/firebase-firestore.js","firestore/lite":"https://www.gstatic.com/firebasejs/9.1.1/firebase-firestore/lite.js","storage":"https://www.gstatic.com/firebasejs/9.1.1/firebase-storage.js","performance":"https://www.gstatic.com/firebasejs/9.1.1/firebase-performance.js","remote-config":"https://www.gstatic.com/firebasejs/9.1.1/firebase-remote-config.js","messaging":"https://www.gstatic.com/firebasejs/9.1.1/firebase-messaging.js","messaging/sw":"https://www.gstatic.com/firebasejs/9.1.1/firebase-messaging/sw.js","database":"https://www.gstatic.com/firebasejs/9.1.1/firebase-database.js","firestore.memory":"https://www.gstatic.com/firebasejs/9.1.1/firebase-firestore.memory.js"}}
[info] ✔  Wrote public/index.html 
[info] 
[info] i  Detected a .git folder at /Users/dylan/Desktop/416-train/train 
[info] i  Authorizing with GitHub to upload your service account to a GitHub repository's secrets store. 
[info] 
[info] Visit this URL on this device to log in:
[info] https://github.com/login/oauth/authorize?client_id=89cf50f02ac6aaed3484&state=140540056&redirect_uri=http%3A%2F%2Flocalhost%3A9005&scope=read%3Auser%20repo%20public_repo
[info] 
[info] Waiting for authentication...
[debug] [2021-10-07T17:58:33.221Z] >>> HTTP REQUEST POST https://github.com/login/oauth/access_token  
 {"client_id":"89cf50f02ac6aaed3484","client_secret":"3330d14abc895d9a74d5f17cd7a00711fa2c5bf0","code":"c96672ad8ab621d4e709","redirect_uri":"http://localhost:9005","state":"140540056"}
[debug] [2021-10-07T17:58:33.385Z] <<< HTTP RESPONSE 200 {"server":"GitHub.com","date":"Thu, 07 Oct 2021 17:58:33 GMT","content-type":"application/json; charset=utf-8","transfer-encoding":"chunked","vary":"X-PJAX, X-PJAX-Container, Accept-Encoding, Accept, X-Requested-With","permissions-policy":"interest-cohort=()","etag":"W/\"dc771f1cfeac36b1eebab159aaaf011b\"","cache-control":"max-age=0, private, must-revalidate","strict-transport-security":"max-age=31536000; includeSubdomains; preload","x-frame-options":"deny","x-content-type-options":"nosniff","x-xss-protection":"0","referrer-policy":"origin-when-cross-origin, strict-origin-when-cross-origin","expect-ct":"max-age=2592000, report-uri=\"https://api.github.com/_private/browser/errors\"","content-security-policy":"default-src 'none'; base-uri 'self'; block-all-mixed-content; child-src github.com/assets-cdn/worker/ gist.github.com/assets-cdn/worker/; connect-src 'self' uploads.github.com www.githubstatus.com collector.githubapp.com api.github.com github-cloud.s3.amazonaws.com github-production-repository-file-5c1aeb.s3.amazonaws.com github-production-upload-manifest-file-7fdce7.s3.amazonaws.com github-production-user-asset-6210df.s3.amazonaws.com cdn.optimizely.com logx.optimizely.com/v1/events translator.github.com wss://alive.github.com; font-src github.githubassets.com; form-action 'self' github.com gist.github.com; frame-ancestors 'none'; frame-src render.githubusercontent.com viewscreen.githubusercontent.com viewscreen-lab.githubusercontent.com; img-src 'self' data: github.githubassets.com identicons.github.com collector.githubapp.com github-cloud.s3.amazonaws.com secured-user-images.githubusercontent.com/ *.githubusercontent.com; manifest-src 'self'; media-src github.com user-images.githubusercontent.com/; script-src github.githubassets.com; style-src 'unsafe-inline' github.githubassets.com; worker-src github.com/assets-cdn/worker/ gist.github.com/assets-cdn/worker/ github.com/socket-worker-0af8a29d.js gist.github.com/socket-worker-0af8a29d.js","x-github-request-id":"F41A:3D98:8A56F8:11E041D:615F3549"}
[debug] [2021-10-07T17:58:33.391Z] >>> [apiv2][query] GET https://api.github.com/user [none]
[debug] [2021-10-07T17:58:33.611Z] <<< [apiv2][status] GET https://api.github.com/user 200
[debug] [2021-10-07T17:58:33.611Z] <<< [apiv2][body] GET https://api.github.com/user {"login":"dyldownard","id":26555359,"node_id":"MDQ6VXNlcjI2NTU1MzU5","avatar_url":"https://avatars.githubusercontent.com/u/26555359?v=4","gravatar_id":"","url":"https://api.github.com/users/dyldownard","html_url":"https://github.com/dyldownard","followers_url":"https://api.github.com/users/dyldownard/followers","following_url":"https://api.github.com/users/dyldownard/following{/other_user}","gists_url":"https://api.github.com/users/dyldownard/gists{/gist_id}","starred_url":"https://api.github.com/users/dyldownard/starred{/owner}{/repo}","subscriptions_url":"https://api.github.com/users/dyldownard/subscriptions","organizations_url":"https://api.github.com/users/dyldownard/orgs","repos_url":"https://api.github.com/users/dyldownard/repos","events_url":"https://api.github.com/users/dyldownard/events{/privacy}","received_events_url":"https://api.github.com/users/dyldownard/received_events","type":"User","site_admin":false,"name":"Dylan Downard","company":"untitled software company","blog":"","location":"Mount Sinai, NY","email":"dyldownard@outlook.com","hireable":null,"bio":"Teacher in the streets, Full-Stack Developer in the sheets.","twitter_username":null,"public_repos":4,"public_gists":0,"followers":2,"following":3,"created_at":"2017-03-20T20:29:14Z","updated_at":"2021-10-06T19:07:16Z","private_gists":0,"total_private_repos":11,"owned_private_repos":11,"disk_usage":11068,"collaborators":2,"two_factor_authentication":true,"plan":{"name":"free","space":976562499,"collaborators":0,"private_repos":10000}}
[info] 
[info] ✔  Success! Logged into GitHub as dyldownard 
[info] 
[debug] [2021-10-07T17:59:09.443Z] >>> [apiv2][query] GET https://api.github.com/repos/skip/actions/secrets/public-key type=owner
[debug] [2021-10-07T17:59:09.633Z] <<< [apiv2][status] GET https://api.github.com/repos/skip/actions/secrets/public-key 404
[debug] [2021-10-07T17:59:09.634Z] <<< [apiv2][body] GET https://api.github.com/repos/skip/actions/secrets/public-key {"message":"Not Found","documentation_url":"https://docs.github.com/rest"}
[debug] [2021-10-07T17:59:11.331Z] >>> [apiv2][query] GET https://api.github.com/repos//actions/secrets/public-key type=owner
[debug] [2021-10-07T17:59:11.477Z] <<< [apiv2][status] GET https://api.github.com/repos//actions/secrets/public-key 404
[debug] [2021-10-07T17:59:11.478Z] <<< [apiv2][body] GET https://api.github.com/repos//actions/secrets/public-key {"message":"Not Found","documentation_url":"https://docs.github.com/rest"}
